[22:50:29.788] [INFO] storybook v10.2.1
[22:50:33.345] [DEBUG] Getting package.json info for C:/Users/mehar/drone-fleet-dashboard/package.json...
[22:50:33.376] [ERROR] [38;2;241;97;97mSB_CORE-SERVER_0002 (CriticalPresetLoadError): Storybook failed to load the following preset: @storybook/nextjs/preset.

Please check whether your setup is correct, the Storybook dependencies (and their peer dependencies) are installed correctly and there are no package version clashes.

If you believe this is a bug, please open an issue on Github.

Error [ERR_MODULE_NOT_FOUND]: Cannot find package '@storybook/nextjs' imported from .\node_modules\storybook\dist\_node-chunks\chunk-KYZVFZ4V.js
    at packageResolve (node:internal/modules/esm/resolve:873:9)
    at moduleResolve (node:internal/modules/esm/resolve:946:18)
    at defaultResolve (node:internal/modules/esm/resolve:1188:11)
    at nextResolve (node:internal/modules/esm/hooks:864:28)
    at Hooks.resolve (node:internal/modules/esm/hooks:306:30)
    at handleMessage (node:internal/modules/esm/worker:196:24)
    at checkForMessages (node:internal/modules/esm/worker:138:28)
    at process.<anonymous> (node:internal/modules/esm/worker:157:5)
    at process.emit (node:events:524:28)

More info: 
[39m
    at loadPreset (file:///C:/Users/mehar/drone-fleet-dashboard/node_modules/storybook/dist/_node-chunks/chunk-R3KAQRS5.js:10081:13)
    at async Promise.all (index 0)
    at async loadPresets (file:///C:/Users/mehar/drone-fleet-dashboard/node_modules/storybook/dist/_node-chunks/chunk-R3KAQRS5.js:10090:73)
    at async getPresets (file:///C:/Users/mehar/drone-fleet-dashboard/node_modules/storybook/dist/_node-chunks/chunk-R3KAQRS5.js:10121:23)
    at async buildDevStandalone (file:///C:/Users/mehar/drone-fleet-dashboard/node_modules/storybook/dist/core-server/index.js:7532:17)
    at async withTelemetry (file:///C:/Users/mehar/drone-fleet-dashboard/node_modules/storybook/dist/_node-chunks/chunk-KNMEGL7N.js:218:12)
    at async dev (file:///C:/Users/mehar/drone-fleet-dashboard/node_modules/storybook/dist/bin/core.js:2734:3)
    at async _Command.<anonymous> (file:///C:/Users/mehar/drone-fleet-dashboard/node_modules/storybook/dist/bin/core.js:2801:92)
[22:50:33.399] [WARN] Broken build, fix the error above.
You may need to refresh the browser.
[22:50:33.418] [WARN] Could not resolve addon "@storybook/addon-links", skipping. Is it installed?
[22:50:33.431] [WARN] Could not resolve addon "@storybook/addon-essentials", skipping. Is it installed?
[22:50:33.438] [WARN] Could not resolve addon "@storybook/addon-interactions", skipping. Is it installed?
[22:50:33.449] [WARN] Could not resolve addon "@storybook/addon-styling-webpack", skipping. Is it installed?
[22:50:33.452] [WARN] Could not resolve addon "@storybook/addon-links", skipping. Is it installed?
[22:50:33.454] [WARN] Could not resolve addon "@storybook/addon-essentials", skipping. Is it installed?
[22:50:33.455] [WARN] Could not resolve addon "@storybook/addon-interactions", skipping. Is it installed?
[22:50:33.463] [WARN] Could not resolve addon "@storybook/addon-styling-webpack", skipping. Is it installed?